  [1m[35m (1663.1ms)[0m  [1m[35mCREATE DATABASE "app_test_development" ENCODING = 'unicode'[0m
  ↳ bin/rails:9
  [1m[35m (301.3ms)[0m  [1m[35mCREATE DATABASE "app_test_test" ENCODING = 'unicode'[0m
  ↳ bin/rails:9
  [1m[35m (20968.9ms)[0m  [1m[35mCREATE DATABASE "app_test_development" ENCODING = 'unicode'[0m
  ↳ bin/rails:9
  [1m[35m (17097.3ms)[0m  [1m[35mCREATE DATABASE "app_test_test" ENCODING = 'unicode'[0m
  ↳ bin/rails:9
  [1m[35m (2024.1ms)[0m  [1m[35mCREATE TABLE "schema_migrations" ("version" character varying NOT NULL PRIMARY KEY)[0m
  ↳ bin/rails:9
  [1m[35m (275.9ms)[0m  [1m[35mCREATE TABLE "ar_internal_metadata" ("key" character varying NOT NULL PRIMARY KEY, "value" character varying, "created_at" timestamp NOT NULL, "updated_at" timestamp NOT NULL)[0m
  ↳ bin/rails:9
  [1m[35m (72.0ms)[0m  [1m[34mSELECT pg_try_advisory_lock(399216416107016865)[0m
  ↳ bin/rails:9
  [1m[35m (21.2ms)[0m  [1m[34mSELECT "schema_migrations"."version" FROM "schema_migrations" ORDER BY "schema_migrations"."version" ASC[0m
  ↳ bin/rails:9
Migrating to CreateUsers (20210407185656)
  [1m[35m (12.0ms)[0m  [1m[35mBEGIN[0m
  ↳ bin/rails:9
  [1m[35m (925.2ms)[0m  [1m[35mCREATE TABLE "users" ("id" bigserial primary key, "username" character varying NOT NULL, "password_digest" character varying NOT NULL, "session_token" character varying NOT NULL, "created_at" timestamp NOT NULL, "updated_at" timestamp NOT NULL)[0m
  ↳ db/migrate/20210407185656_create_users.rb:3
  [1m[35m (424.8ms)[0m  [1m[31mROLLBACK[0m
  ↳ bin/rails:9
  [1m[35m (21.0ms)[0m  [1m[34mSELECT pg_advisory_unlock(399216416107016865)[0m
  ↳ bin/rails:9
  [1m[35m (0.7ms)[0m  [1m[34mSELECT pg_try_advisory_lock(399216416107016865)[0m
  ↳ bin/rails:9
  [1m[35m (645.3ms)[0m  [1m[34mSELECT "schema_migrations"."version" FROM "schema_migrations" ORDER BY "schema_migrations"."version" ASC[0m
  ↳ bin/rails:9
Migrating to CreateUsers (20210407185656)
  [1m[35m (7.7ms)[0m  [1m[35mBEGIN[0m
  ↳ bin/rails:9
  [1m[35m (1701.8ms)[0m  [1m[35mCREATE TABLE "users" ("id" bigserial primary key, "username" character varying NOT NULL, "password_digest" character varying NOT NULL, "session_token" character varying NOT NULL, "created_at" timestamp NOT NULL, "updated_at" timestamp NOT NULL)[0m
  ↳ db/migrate/20210407185656_create_users.rb:3
  [1m[35m (349.4ms)[0m  [1m[35mCREATE UNIQUE INDEX  "index_users_on_username" ON "users"  ("username")[0m
  ↳ db/migrate/20210407185656_create_users.rb:11
  [1m[35m (24.3ms)[0m  [1m[35mCREATE UNIQUE INDEX  "index_users_on_session_token" ON "users"  ("session_token")[0m
  ↳ db/migrate/20210407185656_create_users.rb:12
  [1m[36mActiveRecord::SchemaMigration Create (19.2ms)[0m  [1m[32mINSERT INTO "schema_migrations" ("version") VALUES ($1) RETURNING "version"[0m  [["version", "20210407185656"]]
  ↳ bin/rails:9
  [1m[35m (29.6ms)[0m  [1m[35mCOMMIT[0m
  ↳ bin/rails:9
  [1m[36mActiveRecord::InternalMetadata Load (72.2ms)[0m  [1m[34mSELECT  "ar_internal_metadata".* FROM "ar_internal_metadata" WHERE "ar_internal_metadata"."key" = $1 LIMIT $2[0m  [["key", "environment"], ["LIMIT", 1]]
  ↳ bin/rails:9
  [1m[35m (0.4ms)[0m  [1m[35mBEGIN[0m
  ↳ bin/rails:9
  [1m[36mActiveRecord::InternalMetadata Create (1.4ms)[0m  [1m[32mINSERT INTO "ar_internal_metadata" ("key", "value", "created_at", "updated_at") VALUES ($1, $2, $3, $4) RETURNING "key"[0m  [["key", "environment"], ["value", "development"], ["created_at", "2021-04-07 19:01:39.131393"], ["updated_at", "2021-04-07 19:01:39.131393"]]
  ↳ bin/rails:9
  [1m[35m (23.0ms)[0m  [1m[35mCOMMIT[0m
  ↳ bin/rails:9
  [1m[35m (75.2ms)[0m  [1m[34mSELECT pg_advisory_unlock(399216416107016865)[0m
  ↳ bin/rails:9
  [1m[35m (24.1ms)[0m  [1m[34mSELECT "schema_migrations"."version" FROM "schema_migrations" ORDER BY "schema_migrations"."version" ASC[0m
  ↳ bin/rails:9
  [1m[35m (46.9ms)[0m  [1m[34mSELECT "schema_migrations"."version" FROM "schema_migrations" ORDER BY "schema_migrations"."version" ASC[0m
  ↳ /Users/juliakim/.rbenv/versions/2.5.1/bin/annotate:23
  [1m[35m (23.4ms)[0m  [1m[34mSELECT "schema_migrations"."version" FROM "schema_migrations" ORDER BY "schema_migrations"."version" ASC[0m
  ↳ /Users/juliakim/.rbenv/versions/2.5.1/bin/annotate:23
